c:\users\jyu43\onedrive\documents\witfx\src\witfx.mt4.wrapper\debug\witfx.mt4.wrapper.pch
c:\users\jyu43\onedrive\documents\witfx\src\witfx.mt4.wrapper\debug\vc141.pdb
c:\users\jyu43\onedrive\documents\witfx\src\witfx.mt4.wrapper\debug\stdafx.obj
c:\users\jyu43\onedrive\documents\witfx\src\witfx.mt4.wrapper\debug\managerwrapper.obj
c:\users\jyu43\onedrive\documents\witfx\src\witfx.mt4.wrapper\debug\managerhostwrapper.obj
c:\users\jyu43\onedrive\documents\witfx\src\witfx.mt4.wrapper\debug\managerfactorywrapper.obj
c:\users\jyu43\onedrive\documents\witfx\src\witfx.mt4.wrapper\debug\assemblyinfo.obj
c:\users\jyu43\onedrive\documents\witfx\src\witfx.mt4.wrapper\debug\.netframework,version=v4.7.assemblyattributes.obj
c:\users\jyu43\onedrive\documents\witfx\src\witfx.mt4.wrapper\debug\.netframework,version=v4.7.assemblyattributes.asm
c:\users\jyu43\onedrive\documents\witfx\src\witfx.mt4.wrapper\debug\witfx.mt4.wrapper.dll
c:\users\jyu43\onedrive\documents\witfx\src\witfx.mt4.wrapper\debug\witfx.mt4.wrapper.pdb
c:\users\jyu43\onedrive\documents\witfx\src\witfx.mt4.wrapper\debug\witfx.mt.e408b9ef.tlog\metagen.write.1.tlog
c:\users\jyu43\onedrive\documents\witfx\src\witfx.mt4.wrapper\debug\app.res
c:\users\jyu43\onedrive\documents\witfx\src\witfx.mt4.wrapper\debug\witfx.mt4.api.dll
c:\users\jyu43\onedrive\documents\witfx\src\witfx.mt4.wrapper\debug\witfx.mt4.api.pdb
c:\users\jyu43\onedrive\documents\witfx\src\witfx.mt4.wrapper\debug\witfx.mt4.wrapper.vcxprojassemblyreference.cache
c:\users\jyu43\onedrive\documents\witfx\src\witfx.mt4.wrapper\debug\witfx.mt.e408b9ef.tlog\cl.command.1.tlog
c:\users\jyu43\onedrive\documents\witfx\src\witfx.mt4.wrapper\debug\witfx.mt.e408b9ef.tlog\cl.read.1.tlog
c:\users\jyu43\onedrive\documents\witfx\src\witfx.mt4.wrapper\debug\witfx.mt.e408b9ef.tlog\cl.write.1.tlog
c:\users\jyu43\onedrive\documents\witfx\src\witfx.mt4.wrapper\debug\witfx.mt.e408b9ef.tlog\link.command.1.tlog
c:\users\jyu43\onedrive\documents\witfx\src\witfx.mt4.wrapper\debug\witfx.mt.e408b9ef.tlog\link.read.1.tlog
c:\users\jyu43\onedrive\documents\witfx\src\witfx.mt4.wrapper\debug\witfx.mt.e408b9ef.tlog\link.write.1.tlog
c:\users\jyu43\onedrive\documents\witfx\src\witfx.mt4.wrapper\debug\witfx.mt.e408b9ef.tlog\metagen.read.1.tlog
c:\users\jyu43\onedrive\documents\witfx\src\witfx.mt4.wrapper\debug\witfx.mt.e408b9ef.tlog\rc.command.1.tlog
c:\users\jyu43\onedrive\documents\witfx\src\witfx.mt4.wrapper\debug\witfx.mt.e408b9ef.tlog\rc.read.1.tlog
c:\users\jyu43\onedrive\documents\witfx\src\witfx.mt4.wrapper\debug\witfx.mt.e408b9ef.tlog\rc.write.1.tlog
c:\users\jyu43\onedrive\documents\witfx\src\witfx.mt4.wrapper\debug\witfx.mt.e408b9ef.tlog\witfx.mt4.wrapper.write.1u.tlog
c:\users\jyu43\onedrive\documents\witfx\src\witfx.mt4.wrapper\debug\witfx.mt.e408b9ef.tlog\witfx.mt4.api.dll.metagen
